{"/Users/ortegad/Projects/repos/PhyPro/src/PhyPro.tests.js":{"path":"/Users/ortegad/Projects/repos/PhyPro/src/PhyPro.tests.js","s":{"1":1,"2":1,"3":1,"4":1,"5":1,"6":1,"7":1,"8":1,"9":1,"10":1,"11":1,"12":1,"13":1,"14":1,"15":1,"16":1,"17":1,"18":1,"19":1,"20":1,"21":1,"22":1,"23":1,"24":1,"25":1},"b":{},"f":{"1":1,"2":1,"3":1,"4":1,"5":1},"fnMap":{"1":{"name":"(anonymous_1)","line":16,"loc":{"start":{"line":16,"column":19},"end":{"line":16,"column":30}}},"2":{"name":"(anonymous_2)","line":17,"loc":{"start":{"line":17,"column":27},"end":{"line":17,"column":38}}},"3":{"name":"(anonymous_3)","line":18,"loc":{"start":{"line":18,"column":13},"end":{"line":18,"column":24}}},"4":{"name":"(anonymous_4)","line":24,"loc":{"start":{"line":24,"column":57},"end":{"line":24,"column":68}}},"5":{"name":"(anonymous_5)","line":33,"loc":{"start":{"line":33,"column":12},"end":{"line":33,"column":23}}}},"statementMap":{"1":{"start":{"line":3,"column":0},"end":{"line":6,"column":27}},"2":{"start":{"line":8,"column":0},"end":{"line":8,"column":28}},"3":{"start":{"line":10,"column":0},"end":{"line":10,"column":24}},"4":{"start":{"line":12,"column":0},"end":{"line":12,"column":35}},"5":{"start":{"line":14,"column":0},"end":{"line":14,"column":53}},"6":{"start":{"line":16,"column":0},"end":{"line":40,"column":2}},"7":{"start":{"line":17,"column":1},"end":{"line":39,"column":3}},"8":{"start":{"line":18,"column":2},"end":{"line":23,"column":4}},"9":{"start":{"line":19,"column":3},"end":{"line":19,"column":53}},"10":{"start":{"line":20,"column":3},"end":{"line":20,"column":52}},"11":{"start":{"line":21,"column":3},"end":{"line":21,"column":55}},"12":{"start":{"line":22,"column":3},"end":{"line":22,"column":50}},"13":{"start":{"line":24,"column":2},"end":{"line":32,"column":4}},"14":{"start":{"line":25,"column":3},"end":{"line":25,"column":31}},"15":{"start":{"line":26,"column":3},"end":{"line":26,"column":53}},"16":{"start":{"line":27,"column":3},"end":{"line":27,"column":39}},"17":{"start":{"line":28,"column":3},"end":{"line":28,"column":24}},"18":{"start":{"line":29,"column":3},"end":{"line":29,"column":68}},"19":{"start":{"line":30,"column":3},"end":{"line":30,"column":70}},"20":{"start":{"line":31,"column":3},"end":{"line":31,"column":65}},"21":{"start":{"line":33,"column":2},"end":{"line":38,"column":4}},"22":{"start":{"line":34,"column":3},"end":{"line":34,"column":53}},"23":{"start":{"line":35,"column":3},"end":{"line":35,"column":52}},"24":{"start":{"line":36,"column":3},"end":{"line":36,"column":55}},"25":{"start":{"line":37,"column":3},"end":{"line":37,"column":50}}},"branchMap":{}},"/Users/ortegad/Projects/repos/PhyPro/src/PhyPro.js":{"path":"/Users/ortegad/Projects/repos/PhyPro/src/PhyPro.js","s":{"1":1,"2":1,"3":1,"4":1,"5":1,"6":1,"7":1,"8":1,"9":1,"10":1,"11":1,"12":1,"13":1,"14":1,"15":1,"16":1,"17":1,"18":0},"b":{"1":[1,0]},"f":{"1":1,"2":1,"3":0},"fnMap":{"1":{"name":"(anonymous_1)","line":15,"loc":{"start":{"line":15,"column":12},"end":{"line":15,"column":31}}},"2":{"name":"(anonymous_2)","line":26,"loc":{"start":{"line":26,"column":5},"end":{"line":26,"column":24}}},"3":{"name":"(anonymous_3)","line":44,"loc":{"start":{"line":44,"column":19},"end":{"line":44,"column":41}}}},"statementMap":{"1":{"start":{"line":3,"column":0},"end":{"line":6,"column":27}},"2":{"start":{"line":8,"column":0},"end":{"line":47,"column":1}},"3":{"start":{"line":16,"column":2},"end":{"line":16,"column":18}},"4":{"start":{"line":17,"column":2},"end":{"line":17,"column":25}},"5":{"start":{"line":18,"column":2},"end":{"line":18,"column":83}},"6":{"start":{"line":19,"column":2},"end":{"line":19,"column":67}},"7":{"start":{"line":27,"column":2},"end":{"line":27,"column":38}},"8":{"start":{"line":28,"column":2},"end":{"line":28,"column":78}},"9":{"start":{"line":30,"column":2},"end":{"line":30,"column":31}},"10":{"start":{"line":31,"column":2},"end":{"line":31,"column":55}},"11":{"start":{"line":32,"column":2},"end":{"line":32,"column":65}},"12":{"start":{"line":34,"column":2},"end":{"line":34,"column":23}},"13":{"start":{"line":35,"column":2},"end":{"line":35,"column":50}},"14":{"start":{"line":36,"column":2},"end":{"line":36,"column":57}},"15":{"start":{"line":38,"column":2},"end":{"line":38,"column":82}},"16":{"start":{"line":39,"column":2},"end":{"line":39,"column":62}},"17":{"start":{"line":41,"column":2},"end":{"line":41,"column":70}},"18":{"start":{"line":45,"column":2},"end":{"line":45,"column":39}}},"branchMap":{"1":{"line":18,"type":"cond-expr","locations":[{"start":{"line":18,"column":56},"end":{"line":18,"column":67}},{"start":{"line":18,"column":70},"end":{"line":18,"column":83}}]}}}}